

> @riddle-rush/game@1.0.0 generate /home/cloudcrusader/projects/riddle-rush-nuxt-pwa/apps/game
> nuxt generate

[90m┌[39m  [36mBuilding Nuxt for production...[39m
[90m│[39m
[34m●[39m  [32mNuxt [1m4.2.2[22m[39m[90m (with [39m[90mNitro [1m2.12.9[22m[39m[90m, Vite [1m5.4.21[22m[39m[90m and Vue [1m3.5.26[22m[39m[90m)[39m
[90m│[39m
[34m●[39m  Nitro preset: [36mstatic[39m
[36mℹ[39m Building client...                                                                                                                                                                                                                                           [90m11:06:23 AM[39m
[36mℹ[39m [36mvite v7.3.0 [32mbuilding client environment for production...[36m[39m                                                                                                                                                                                                    [90m11:06:23 AM[39m
[2K[1Gtransforming (1) [2m../../node_modules/.pnpm/nuxt@4.2.2_@parcel+watcher@2.5.1_@types+node@22.19.3_@vercel+functions@3.3.4_@aws-sdk+c_1574da29526f4ea45289b75f7422c9c3/node_modules/nuxt/dist/app/entry.js[22m[2K[1Gtransforming (32) [2mvirtual:nuxt:%2Fhome%2Fcloudcrusader%2Fprojects%2Friddle-rush-nuxt-pwa%2Fapps%2Fgame%2Fnode_modules%2F.cache%2Fnuxt%2F.nuxt%2Fmiddleware.mjs[22m[2K[1Gtransforming (44) [2m../../node_modules/.pnpm/ufo@1.6.1/node_modules/ufo/dist/index.mjs[22m[2K[1Gtransforming (73) [2m../../node_modules/.pnpm/@vue+runtime-dom@3.5.26/node_modules/@vue/runtime-dom/dist/runtime-dom.esm-bundler.js[22m[2K[1Gtransforming (117) [2m../../node_modules/.pnpm/@vue+devtools-api@7.7.9/node_modules/@vue/devtools-api/dist/index.js[22m[2K[1Gtransforming (158) [2m../../node_modules/.pnpm/node-mock-http@1.0.4/node_modules/node-mock-http/dist/_polyfill/events/nodeless.mjs[22m[2K[1Gtransforming (192) [2m../../node_modules/.pnpm/cookie-es@2.0.0/node_modules/cookie-es/dist/index.mjs[22m[2K[1Gtransforming (215) [2m../../node_modules/.pnpm/perfect-debounce@2.0.0/node_modules/perfect-debounce/dist/index.mjs[22m[2K[1Gtransforming (249) [2m../../node_modules/.pnpm/nuxt@4.2.2_@parcel+watcher@2.5.1_@types+node@22.19.3_@vercel+functions@3.3.4_@aws-sdk+c_1574da29526f4ea45289b75f7422c9c3/node_modules/nuxt/dist/pages/runtime/page.js[22m[2K[1Gtransforming (289) [2mcomponents/FortuneWheel.vue[22m[2K[1Gtransforming (309) [2m../../packages/shared/src/constants.ts[22m[2K[1G[2K[1G[2K[1G[2K[1G[36mℹ[39m [32m✓[39m 312 modules transformed.                                                                                                                                                                                                                                   [90m11:06:26 AM[39m
[2K[1Grendering chunks (1)...[2K[1Grendering chunks (2)...[2K[1Grendering chunks (3)...[2K[1Grendering chunks (4)...[2K[1Grendering chunks (5)...[2K[1Grendering chunks (6)...[2K[1Grendering chunks (7)...[2K[1Grendering chunks (8)...[2K[1Grendering chunks (9)...[2K[1Grendering chunks (10)...[2K[1Grendering chunks (11)...[2K[1Grendering chunks (12)...[2K[1Grendering chunks (13)...[2K[1Grendering chunks (14)...[2K[1Grendering chunks (15)...[2K[1Grendering chunks (16)...[2K[1Grendering chunks (17)...[2K[1Grendering chunks (18)...[2K[1Grendering chunks (19)...[2K[1Grendering chunks (20)...[2K[1Grendering chunks (21)...[2K[1Grendering chunks (22)...[2K[1Grendering chunks (23)...[2K[1Grendering chunks (24)...[2K[1Grendering chunks (25)...[2K[1Grendering chunks (26)...[2K[1G[2K[1Gcomputing gzip size (0)...[2K[1Gcomputing gzip size (1)...[2K[1Gcomputing gzip size (2)...[2K[1Gcomputing gzip size (3)...[2K[1Gcomputing gzip size (4)...[2K[1Gcomputing gzip size (5)...[2K[1Gcomputing gzip size (6)...[2K[1Gcomputing gzip size (7)...[2K[1Gcomputing gzip size (8)...[2K[1Gcomputing gzip size (9)...[2K[1Gcomputing gzip size (10)...[2K[1Gcomputing gzip size (11)...[2K[1Gcomputing gzip size (12)...[2K[1Gcomputing gzip size (13)...[2K[1Gcomputing gzip size (14)...[2K[1Gcomputing gzip size (15)...[2K[1Gcomputing gzip size (16)...[2K[1Gcomputing gzip size (17)...[2K[1Gcomputing gzip size (18)...[2K[1Gcomputing gzip size (19)...[2K[1Gcomputing gzip size (20)...[2K[1Gcomputing gzip size (21)...[2K[1Gcomputing gzip size (22)...[2K[1Gcomputing gzip size (23)...[2K[1Gcomputing gzip size (24)...[2K[1Gcomputing gzip size (25)...[2K[1Gcomputing gzip size (26)...[2K[1Gcomputing gzip size (27)...[2K[1Gcomputing gzip size (28)...[2K[1Gcomputing gzip size (29)...[2K[1Gcomputing gzip size (30)...[2K[1Gcomputing gzip size (31)...[2K[1Gcomputing gzip size (32)...[2K[1Gcomputing gzip size (33)...[2K[1Gcomputing gzip size (34)...[2K[1Gcomputing gzip size (35)...[2K[1Gcomputing gzip size (36)...[2K[1Gcomputing gzip size (37)...[2K[1Gcomputing gzip size (38)...[2K[1Gcomputing gzip size (39)...[2K[1Gcomputing gzip size (40)...[2K[1Gcomputing gzip size (41)...[2K[1Gcomputing gzip size (42)...[2K[1Gcomputing gzip size (43)...[2K[1Gcomputing gzip size (44)...[2K[1Gcomputing gzip size (45)...[2K[1G[36mℹ[39m [2mnode_modules/.cache/nuxt/.nuxt/dist/client/[22m[32mmanifest.json                     [39m[1m[2m 12.49 kB[22m[1m[22m[2m │ gzip:   1.39 kB[22m                                                                                                                                                     [90m11:06:26 AM[39m
[36mℹ[39m [2mnode_modules/.cache/nuxt/.nuxt/dist/client/[22m[2m_nuxt/[22m[35msettings.CNv5HtWA.css       [39m[1m[2m  0.62 kB[22m[1m[22m[2m │ gzip:   0.33 kB[22m                                                                                                                                                     [90m11:06:26 AM[39m
[36mℹ[39m [2mnode_modules/.cache/nuxt/.nuxt/dist/client/[22m[2m_nuxt/[22m[35mgame.BL6nCyVm.css           [39m[1m[2m  1.00 kB[22m[1m[22m[2m │ gzip:   0.46 kB[22m                                                                                                                                                     [90m11:06:26 AM[39m
[36mℹ[39m [2mnode_modules/.cache/nuxt/.nuxt/dist/client/[22m[2m_nuxt/[22m[35mmenu.CAkchfvw.css           [39m[1m[2m  1.19 kB[22m[1m[22m[2m │ gzip:   0.50 kB[22m                                                                                                                                                     [90m11:06:26 AM[39m
[36mℹ[39m [2mnode_modules/.cache/nuxt/.nuxt/dist/client/[22m[2m_nuxt/[22m[35mdefault.B-tHQsH5.css        [39m[1m[2m  1.52 kB[22m[1m[22m[2m │ gzip:   0.65 kB[22m                                                                                                                                                     [90m11:06:26 AM[39m
[36mℹ[39m [2mnode_modules/.cache/nuxt/.nuxt/dist/client/[22m[2m_nuxt/[22m[35merror-500.CQJMxreu.css      [39m[1m[2m  1.91 kB[22m[1m[22m[2m │ gzip:   0.73 kB[22m                                                                                                                                                     [90m11:06:26 AM[39m
[36mℹ[39m [2mnode_modules/.cache/nuxt/.nuxt/dist/client/[22m[2m_nuxt/[22m[35merror-404.DqUK6Bi_.css      [39m[1m[2m  2.43 kB[22m[1m[22m[2m │ gzip:   0.86 kB[22m                                                                                                                                                     [90m11:06:26 AM[39m
[36mℹ[39m [2mnode_modules/.cache/nuxt/.nuxt/dist/client/[22m[2m_nuxt/[22m[35mcredits.DCFWnO7s.css        [39m[1m[2m  4.26 kB[22m[1m[22m[2m │ gzip:   1.18 kB[22m                                                                                                                                                     [90m11:06:26 AM[39m
[36mℹ[39m [2mnode_modules/.cache/nuxt/.nuxt/dist/client/[22m[2m_nuxt/[22m[35mQuitModal.Dr91_7v7.css      [39m[1m[2m  4.53 kB[22m[1m[22m[2m │ gzip:   1.10 kB[22m                                                                                                                                                     [90m11:06:26 AM[39m
[36mℹ[39m [2mnode_modules/.cache/nuxt/.nuxt/dist/client/[22m[2m_nuxt/[22m[35mPauseModal.DLfketAf.css     [39m[1m[2m  4.54 kB[22m[1m[22m[2m │ gzip:   1.10 kB[22m                                                                                                                                                     [90m11:06:26 AM[39m
[36mℹ[39m [2mnode_modules/.cache/nuxt/.nuxt/dist/client/[22m[2m_nuxt/[22m[35mindex.sjGIkIYR.css          [39m[1m[2m  5.12 kB[22m[1m[22m[2m │ gzip:   1.27 kB[22m                                                                                                                                                     [90m11:06:26 AM[39m
[36mℹ[39m [2mnode_modules/.cache/nuxt/.nuxt/dist/client/[22m[2m_nuxt/[22m[35mlanguage.BvUVFMjP.css       [39m[1m[2m  5.39 kB[22m[1m[22m[2m │ gzip:   1.27 kB[22m                                                                                                                                                     [90m11:06:26 AM[39m
[36mℹ[39m [2mnode_modules/.cache/nuxt/.nuxt/dist/client/[22m[2m_nuxt/[22m[35mresults.DMyMiGSG.css        [39m[1m[2m  6.67 kB[22m[1m[22m[2m │ gzip:   1.47 kB[22m                                                                                                                                                     [90m11:06:26 AM[39m
[36mℹ[39m [2mnode_modules/.cache/nuxt/.nuxt/dist/client/[22m[2m_nuxt/[22m[35mplayers.MXkMZZDG.css        [39m[1m[2m  6.98 kB[22m[1m[22m[2m │ gzip:   1.62 kB[22m                                                                                                                                                     [90m11:06:26 AM[39m
[36mℹ[39m [2mnode_modules/.cache/nuxt/.nuxt/dist/client/[22m[2m_nuxt/[22m[35mSettingsModal.9oOVxxkc.css  [39m[1m[2m  7.07 kB[22m[1m[22m[2m │ gzip:   1.64 kB[22m                                                                                                                                                     [90m11:06:26 AM[39m
[36mℹ[39m [2mnode_modules/.cache/nuxt/.nuxt/dist/client/[22m[2m_nuxt/[22m[35mleaderboard.DSxExKHb.css    [39m[1m[2m  8.08 kB[22m[1m[22m[2m │ gzip:   1.80 kB[22m                                                                                                                                                     [90m11:06:26 AM[39m
[36mℹ[39m [2mnode_modules/.cache/nuxt/.nuxt/dist/client/[22m[2m_nuxt/[22m[35mgame.DeBiQnns.css           [39m[1m[2m 10.06 kB[22m[1m[22m[2m │ gzip:   2.01 kB[22m                                                                                                                                                     [90m11:06:26 AM[39m
[36mℹ[39m [2mnode_modules/.cache/nuxt/.nuxt/dist/client/[22m[2m_nuxt/[22m[35mround-start.b88Yo0K4.css    [39m[1m[2m 10.21 kB[22m[1m[22m[2m │ gzip:   2.41 kB[22m                                                                                                                                                     [90m11:06:26 AM[39m
[36mℹ[39m [2mnode_modules/.cache/nuxt/.nuxt/dist/client/[22m[2m_nuxt/[22m[35mentry.DYJQ1Ei9.css          [39m[1m[2m 21.85 kB[22m[1m[22m[2m │ gzip:   4.93 kB[22m                                                                                                                                                     [90m11:06:26 AM[39m
[36mℹ[39m [2mnode_modules/.cache/nuxt/.nuxt/dist/client/[22m[2m_nuxt/[22m[36mD63lOxiA.js                 [39m[1m[2m  0.35 kB[22m[1m[22m[2m │ gzip:   0.23 kB[22m                                                                                                                                                     [90m11:06:26 AM[39m
[36mℹ[39m [2mnode_modules/.cache/nuxt/.nuxt/dist/client/[22m[2m_nuxt/[22m[36mArZkKwgQ.js                 [39m[1m[2m  0.50 kB[22m[1m[22m[2m │ gzip:   0.33 kB[22m                                                                                                                                                     [90m11:06:26 AM[39m
[36mℹ[39m [2mnode_modules/.cache/nuxt/.nuxt/dist/client/[22m[2m_nuxt/[22m[36mDY7Ham84.js                 [39m[1m[2m  0.55 kB[22m[1m[22m[2m │ gzip:   0.29 kB[22m                                                                                                                                                     [90m11:06:26 AM[39m
[36mℹ[39m [2mnode_modules/.cache/nuxt/.nuxt/dist/client/[22m[2m_nuxt/[22m[36mBZc7pTv0.js                 [39m[1m[2m  0.82 kB[22m[1m[22m[2m │ gzip:   0.47 kB[22m                                                                                                                                                     [90m11:06:26 AM[39m
[36mℹ[39m [2mnode_modules/.cache/nuxt/.nuxt/dist/client/[22m[2m_nuxt/[22m[36mBwUn_TYB.js                 [39m[1m[2m  0.87 kB[22m[1m[22m[2m │ gzip:   0.54 kB[22m                                                                                                                                                     [90m11:06:26 AM[39m
[36mℹ[39m [2mnode_modules/.cache/nuxt/.nuxt/dist/client/[22m[2m_nuxt/[22m[36mDLtEwgBk.js                 [39m[1m[2m  1.10 kB[22m[1m[22m[2m │ gzip:   0.64 kB[22m                                                                                                                                                     [90m11:06:26 AM[39m
[36mℹ[39m [2mnode_modules/.cache/nuxt/.nuxt/dist/client/[22m[2m_nuxt/[22m[36mBz6ZtFft.js                 [39m[1m[2m  1.14 kB[22m[1m[22m[2m │ gzip:   0.62 kB[22m                                                                                                                                                     [90m11:06:26 AM[39m
[36mℹ[39m [2mnode_modules/.cache/nuxt/.nuxt/dist/client/[22m[2m_nuxt/[22m[36mD0WonMN4.js                 [39m[1m[2m  1.15 kB[22m[1m[22m[2m │ gzip:   0.70 kB[22m                                                                                                                                                     [90m11:06:26 AM[39m
[36mℹ[39m [2mnode_modules/.cache/nuxt/.nuxt/dist/client/[22m[2m_nuxt/[22m[36m-vAketVJ.js                 [39m[1m[2m  1.77 kB[22m[1m[22m[2m │ gzip:   0.83 kB[22m                                                                                                                                                     [90m11:06:26 AM[39m
[36mℹ[39m [2mnode_modules/.cache/nuxt/.nuxt/dist/client/[22m[2m_nuxt/[22m[36mDnbfz0yQ.js                 [39m[1m[2m  1.91 kB[22m[1m[22m[2m │ gzip:   0.74 kB[22m                                                                                                                                                     [90m11:06:26 AM[39m
[36mℹ[39m [2mnode_modules/.cache/nuxt/.nuxt/dist/client/[22m[2m_nuxt/[22m[36mBZtdetI2.js                 [39m[1m[2m  1.99 kB[22m[1m[22m[2m │ gzip:   0.84 kB[22m                                                                                                                                                     [90m11:06:26 AM[39m
[36mℹ[39m [2mnode_modules/.cache/nuxt/.nuxt/dist/client/[22m[2m_nuxt/[22m[36mCejuFp-0.js                 [39m[1m[2m  2.57 kB[22m[1m[22m[2m │ gzip:   1.00 kB[22m                                                                                                                                                     [90m11:06:26 AM[39m
[36mℹ[39m [2mnode_modules/.cache/nuxt/.nuxt/dist/client/[22m[2m_nuxt/[22m[36mDrNgztaY.js                 [39m[1m[2m  2.97 kB[22m[1m[22m[2m │ gzip:   1.15 kB[22m                                                                                                                                                     [90m11:06:26 AM[39m
[36mℹ[39m [2mnode_modules/.cache/nuxt/.nuxt/dist/client/[22m[2m_nuxt/[22m[36mC7lezoRG.js                 [39m[1m[2m  3.09 kB[22m[1m[22m[2m │ gzip:   1.03 kB[22m                                                                                                                                                     [90m11:06:26 AM[39m
[36mℹ[39m [2mnode_modules/.cache/nuxt/.nuxt/dist/client/[22m[2m_nuxt/[22m[36mDcBtwAEw.js                 [39m[1m[2m  3.16 kB[22m[1m[22m[2m │ gzip:   1.20 kB[22m                                                                                                                                                     [90m11:06:26 AM[39m
[36mℹ[39m [2mnode_modules/.cache/nuxt/.nuxt/dist/client/[22m[2m_nuxt/[22m[36mR1awI21I.js                 [39m[1m[2m  3.47 kB[22m[1m[22m[2m │ gzip:   1.55 kB[22m                                                                                                                                                     [90m11:06:26 AM[39m
[36mℹ[39m [2mnode_modules/.cache/nuxt/.nuxt/dist/client/[22m[2m_nuxt/[22m[36mB4VzWqcj.js                 [39m[1m[2m  3.67 kB[22m[1m[22m[2m │ gzip:   1.50 kB[22m                                                                                                                                                     [90m11:06:26 AM[39m
[36mℹ[39m [2mnode_modules/.cache/nuxt/.nuxt/dist/client/[22m[2m_nuxt/[22m[36mDdEtLxcV.js                 [39m[1m[2m  4.01 kB[22m[1m[22m[2m │ gzip:   1.71 kB[22m                                                                                                                                                     [90m11:06:26 AM[39m
[36mℹ[39m [2mnode_modules/.cache/nuxt/.nuxt/dist/client/[22m[2m_nuxt/[22m[36mBIl4cyR9.js                 [39m[1m[2m  5.76 kB[22m[1m[22m[2m │ gzip:   2.37 kB[22m                                                                                                                                                     [90m11:06:26 AM[39m
[36mℹ[39m [2mnode_modules/.cache/nuxt/.nuxt/dist/client/[22m[2m_nuxt/[22m[36mQ0xA91Kb.js                 [39m[1m[2m  7.06 kB[22m[1m[22m[2m │ gzip:   3.02 kB[22m                                                                                                                                                     [90m11:06:26 AM[39m
[36mℹ[39m [2mnode_modules/.cache/nuxt/.nuxt/dist/client/[22m[2m_nuxt/[22m[36mcQJbiHc4.js                 [39m[1m[2m  7.19 kB[22m[1m[22m[2m │ gzip:   3.06 kB[22m                                                                                                                                                     [90m11:06:26 AM[39m
[36mℹ[39m [2mnode_modules/.cache/nuxt/.nuxt/dist/client/[22m[2m_nuxt/[22m[36mCjuqVANo.js                 [39m[1m[2m  8.02 kB[22m[1m[22m[2m │ gzip:   3.36 kB[22m                                                                                                                                                     [90m11:06:26 AM[39m
[36mℹ[39m [2mnode_modules/.cache/nuxt/.nuxt/dist/client/[22m[2m_nuxt/[22m[36mBRU6r8ht.js                 [39m[1m[2m  8.85 kB[22m[1m[22m[2m │ gzip:   3.55 kB[22m                                                                                                                                                     [90m11:06:26 AM[39m
[36mℹ[39m [2mnode_modules/.cache/nuxt/.nuxt/dist/client/[22m[2m_nuxt/[22m[36mjph4yscp.js                 [39m[1m[2m  9.93 kB[22m[1m[22m[2m │ gzip:   2.42 kB[22m                                                                                                                                                     [90m11:06:26 AM[39m
[36mℹ[39m [2mnode_modules/.cache/nuxt/.nuxt/dist/client/[22m[2m_nuxt/[22m[36mC2RwH3De.js                 [39m[1m[2m 10.60 kB[22m[1m[22m[2m │ gzip:   2.81 kB[22m                                                                                                                                                     [90m11:06:26 AM[39m
[36mℹ[39m [2mnode_modules/.cache/nuxt/.nuxt/dist/client/[22m[2m_nuxt/[22m[36mBslmYS1N.js                 [39m[1m[2m293.11 kB[22m[1m[22m[2m │ gzip: 106.41 kB[22m                                                                                                                                                     [90m11:06:26 AM[39m
[36mℹ[39m [32m✓ built in 2.84s[39m                                                                                                                                                                                                                                             [90m11:06:26 AM[39m
[32m✔[39m Client built in 2871ms                                                                                                                                                                                                                                       [90m11:06:26 AM[39m
[36mℹ[39m Building server...                                                                                                                                                                                                                                           [90m11:06:26 AM[39m
[36mℹ[39m [36mvite v7.3.0 [32mbuilding ssr environment for production...[36m[39m                                                                                                                                                                                                       [90m11:06:26 AM[39m
[2K[1Gtransforming (1) [2m../../node_modules/.pnpm/nuxt@4.2.2_@parcel+watcher@2.5.1_@types+node@22.19.3_@vercel+functions@3.3.4_@aws-sdk+c_1574da29526f4ea45289b75f7422c9c3/node_modules/nuxt/dist/app/entry-spa.js[22m[2K[1G[36mℹ[39m [32m✓[39m 1 modules transformed.                                                                                                                                                                                                                                     [90m11:06:26 AM[39m
[2K[1Grendering chunks (1)...[2K[1G[2K[1G[36mℹ[39m [32m✓ built in 8ms[39m                                                                                                                                                                                                                                               [90m11:06:26 AM[39m
[32m✔[39m Server built in 15ms                                                                                                                                                                                                                                         [90m11:06:26 AM[39m
[36mℹ[39m Initializing prerenderer                                                                                                                                                                                                                               [90mnitro[39m [90m11:06:26 AM[39m
[36mℹ[39m Prerendering 12 initial routes with crawler                                                                                                                                                                                                            [90mnitro[39m [90m11:06:27 AM[39m
[90m  ├─ /game (25ms)[39m                                                                                                                                                                                                                                         [90mnitro[39m [90m11:06:27 AM[39m
[90m  ├─ /credits (26ms)[39m                                                                                                                                                                                                                                      [90mnitro[39m [90m11:06:27 AM[39m
[90m  ├─ /players (26ms)[39m                                                                                                                                                                                                                                      [90mnitro[39m [90m11:06:27 AM[39m
[90m  ├─ /results (26ms)[39m                                                                                                                                                                                                                                      [90mnitro[39m [90m11:06:27 AM[39m
[90m  ├─ /language (27ms)[39m                                                                                                                                                                                                                                     [90mnitro[39m [90m11:06:27 AM[39m
[90m  ├─ /settings (27ms)[39m                                                                                                                                                                                                                                     [90mnitro[39m [90m11:06:27 AM[39m
[90m  ├─ /leaderboard (27ms)[39m                                                                                                                                                                                                                                  [90mnitro[39m [90m11:06:27 AM[39m
[90m  ├─ /round-start (28ms)[39m                                                                                                                                                                                                                                  [90mnitro[39m [90m11:06:27 AM[39m
[90m  ├─ / (26ms)[39m                                                                                                                                                                                                                                             [90mnitro[39m [90m11:06:27 AM[39m
[90m  ├─ /200.html (28ms)[39m                                                                                                                                                                                                                                     [90mnitro[39m [90m11:06:27 AM[39m
[90m  ├─ /index.html (28ms)[39m                                                                                                                                                                                                                                   [90mnitro[39m [90m11:06:27 AM[39m
[90m  ├─ /404.html (28ms)[39m                                                                                                                                                                                                                                     [90mnitro[39m [90m11:06:27 AM[39m
[36mℹ[39m Prerendered 12 routes in 0.6 seconds                                                                                                                                                                                                                   [90mnitro[39m [90m11:06:27 AM[39m
[32m✔[39m Generated public [36m.output/public[39m                                                                                                                                                                                                                        [90mnitro[39m [90m11:06:27 AM[39m

[36mPWA v1.2.0[39m
mode      [35mgenerateSW[39m
precache  [32m201 entries[39m [2m(10364.22 KiB)[22m
files generated
  [2m.output/public/sw.js[22m
  [2m.output/public/workbox-dc35afab.js[22m
[33mwarnings
  One of the glob patterns doesn't match any files. Please remove or fix the following: {
  "globDirectory": "/home/cloudcrusader/projects/riddle-rush-nuxt-pwa/apps/game/.output/public",
  "globPattern": "**/_payload.json",
  "globIgnores": [
    "**/node_modules/**/*",
    "sw.js",
    "workbox-*.js"
  ]
}
[39m
[32m✔[39m You can preview this build using [36mnpx serve .output/public[39m                                                                                                                                                                                              [90mnitro[39m [90m11:06:28 AM[39m
[90m│[39m                                                                                                                                                                                                                                                               [90m11:06:28 AM[39m
[33m▲[39m  HTML content not prerendered because [36mssr: false[39m was set.
[90m│[39m                                                                                                                                                                                                                                                               [90m11:06:28 AM[39m
[34m●[39m  You can read more in [36mhttps://nuxt.com/docs/getting-started/deployment#static-hosting[39m.
[90m│[39m                                                                                                                                                                                                                                                               [90m11:06:28 AM[39m
[90m└[39m  ✨ You can now deploy [36m.output/public[39m to any static hosting!
